2020-05-11 13:03:25.291 [INFO ] [restartedMain] c.e.d.DevopscasestudyApplication - Starting DevopscasestudyApplication on DESKTOP-ABJ3RHS with PID 15432 (C:\devops\java\devopscasestudy\target\classes started by VenkataSivaKameswari in C:\devops\java\devopscasestudy)
2020-05-11 13:03:25.312 [INFO ] [restartedMain] c.e.d.DevopscasestudyApplication - No active profile set, falling back to default profiles: default
2020-05-11 13:03:25.477 [INFO ] [restartedMain] o.s.b.d.r.ChangeableUrls - The Class-Path manifest attribute in C:\Users\VenkataSivaKameswari\.m2\repository\org\glassfish\jaxb\jaxb-runtime\2.3.2\jaxb-runtime-2.3.2.jar referenced one or more files that do not exist: file:/C:/Users/VenkataSivaKameswari/.m2/repository/org/glassfish/jaxb/jaxb-runtime/2.3.2/jakarta.xml.bind-api-2.3.2.jar,file:/C:/Users/VenkataSivaKameswari/.m2/repository/org/glassfish/jaxb/jaxb-runtime/2.3.2/txw2-2.3.2.jar,file:/C:/Users/VenkataSivaKameswari/.m2/repository/org/glassfish/jaxb/jaxb-runtime/2.3.2/istack-commons-runtime-3.0.8.jar,file:/C:/Users/VenkataSivaKameswari/.m2/repository/org/glassfish/jaxb/jaxb-runtime/2.3.2/stax-ex-1.8.1.jar,file:/C:/Users/VenkataSivaKameswari/.m2/repository/org/glassfish/jaxb/jaxb-runtime/2.3.2/FastInfoset-1.2.16.jar,file:/C:/Users/VenkataSivaKameswari/.m2/repository/org/glassfish/jaxb/jaxb-runtime/2.3.2/jakarta.activation-api-1.2.1.jar
2020-05-11 13:03:25.478 [INFO ] [restartedMain] o.s.b.d.e.DevToolsPropertyDefaultsPostProcessor - Devtools property defaults active! Set 'spring.devtools.add-properties' to 'false' to disable
2020-05-11 13:03:25.479 [INFO ] [restartedMain] o.s.b.d.e.DevToolsPropertyDefaultsPostProcessor - For additional web related logging consider setting the 'logging.level.web' property to 'DEBUG'
2020-05-11 13:03:27.051 [INFO ] [restartedMain] o.s.d.r.c.RepositoryConfigurationDelegate - Bootstrapping Spring Data JPA repositories in DEFAULT mode.
2020-05-11 13:03:27.183 [INFO ] [restartedMain] o.s.d.r.c.RepositoryConfigurationDelegate - Finished Spring Data repository scanning in 111ms. Found 1 JPA repository interfaces.
2020-05-11 13:03:28.497 [INFO ] [restartedMain] o.s.b.w.e.t.TomcatWebServer - Tomcat initialized with port(s): 8083 (http)
2020-05-11 13:03:28.533 [INFO ] [restartedMain] o.a.c.c.StandardService - Starting service [Tomcat]
2020-05-11 13:03:28.535 [INFO ] [restartedMain] o.a.c.c.StandardEngine - Starting Servlet engine: [Apache Tomcat/9.0.33]
2020-05-11 13:03:28.728 [INFO ] [restartedMain] o.a.c.c.C.[.[.[/] - Initializing Spring embedded WebApplicationContext
2020-05-11 13:03:28.730 [DEBUG] [restartedMain] o.s.w.c.ContextLoader - Published root WebApplicationContext as ServletContext attribute with name [org.springframework.web.context.WebApplicationContext.ROOT]
2020-05-11 13:03:28.730 [INFO ] [restartedMain] o.s.w.c.ContextLoader - Root WebApplicationContext: initialization completed in 3250 ms
2020-05-11 13:03:28.962 [INFO ] [restartedMain] o.h.j.i.u.LogHelper - HHH000204: Processing PersistenceUnitInfo [name: default]
2020-05-11 13:03:29.076 [INFO ] [restartedMain] o.h.Version - HHH000412: Hibernate ORM core version 5.4.12.Final
2020-05-11 13:03:29.290 [INFO ] [restartedMain] o.h.a.c.Version - HCANN000001: Hibernate Commons Annotations {5.1.0.Final}
2020-05-11 13:03:29.455 [INFO ] [restartedMain] c.z.h.HikariDataSource - HikariPool-1 - Starting...
2020-05-11 13:03:29.709 [INFO ] [restartedMain] c.z.h.HikariDataSource - HikariPool-1 - Start completed.
2020-05-11 13:03:29.748 [INFO ] [restartedMain] o.h.d.Dialect - HHH000400: Using dialect: org.hibernate.dialect.MySQL55Dialect
2020-05-11 13:03:30.997 [INFO ] [restartedMain] o.h.e.t.j.p.i.JtaPlatformInitiator - HHH000490: Using JtaPlatform implementation: [org.hibernate.engine.transaction.jta.platform.internal.NoJtaPlatform]
2020-05-11 13:03:31.009 [INFO ] [restartedMain] o.s.o.j.LocalContainerEntityManagerFactoryBean - Initialized JPA EntityManagerFactory for persistence unit 'default'
2020-05-11 13:03:31.060 [INFO ] [restartedMain] o.s.b.d.a.OptionalLiveReloadServer - LiveReload server is running on port 35729
2020-05-11 13:03:31.557 [WARN ] [restartedMain] o.s.b.a.o.j.JpaBaseConfiguration$JpaWebConfiguration - spring.jpa.open-in-view is enabled by default. Therefore, database queries may be performed during view rendering. Explicitly configure spring.jpa.open-in-view to disable this warning
2020-05-11 13:03:31.746 [INFO ] [restartedMain] o.s.s.c.ThreadPoolTaskExecutor - Initializing ExecutorService 'applicationTaskExecutor'
2020-05-11 13:03:31.761 [DEBUG] [restartedMain] o.s.w.s.m.m.a.RequestMappingHandlerAdapter - ControllerAdvice beans: 0 @ModelAttribute, 0 @InitBinder, 1 RequestBodyAdvice, 1 ResponseBodyAdvice
2020-05-11 13:03:31.872 [DEBUG] [restartedMain] o.s.w.s.m.m.a.RequestMappingHandlerMapping - 9 mappings in 'requestMappingHandlerMapping'
2020-05-11 13:03:31.950 [DEBUG] [restartedMain] o.s.w.s.h.SimpleUrlHandlerMapping - Patterns [/webjars/**, /**] in 'resourceHandlerMapping'
2020-05-11 13:03:31.981 [DEBUG] [restartedMain] o.s.w.s.m.m.a.ExceptionHandlerExceptionResolver - ControllerAdvice beans: 0 @ExceptionHandler, 1 ResponseBodyAdvice
2020-05-11 13:03:32.157 [INFO ] [restartedMain] o.s.b.w.e.t.TomcatWebServer - Tomcat started on port(s): 8083 (http) with context path ''
2020-05-11 13:03:32.162 [INFO ] [restartedMain] c.e.d.DevopscasestudyApplication - Started DevopscasestudyApplication in 7.614 seconds (JVM running for 10.414)
2020-05-11 13:09:03.253 [INFO ] [RMI TCP Connection(16)-127.0.0.1] o.s.b.a.SpringApplicationAdminMXBeanRegistrar$SpringApplicationAdmin - Application shutdown requested.
2020-05-11 13:09:03.260 [INFO ] [RMI TCP Connection(16)-127.0.0.1] o.s.s.c.ThreadPoolTaskExecutor - Shutting down ExecutorService 'applicationTaskExecutor'
2020-05-11 13:09:03.263 [INFO ] [RMI TCP Connection(16)-127.0.0.1] o.s.o.j.LocalContainerEntityManagerFactoryBean - Closing JPA EntityManagerFactory for persistence unit 'default'
2020-05-11 13:09:03.273 [INFO ] [RMI TCP Connection(16)-127.0.0.1] c.z.h.HikariDataSource - HikariPool-1 - Shutdown initiated...
2020-05-11 13:09:03.300 [INFO ] [RMI TCP Connection(16)-127.0.0.1] c.z.h.HikariDataSource - HikariPool-1 - Shutdown completed.
